2024-04-26 14:24:22.955|Information|User profile is available. Using 'C:\Users\김응기\AppData\Local\ASP.NET\DataProtection-Keys' as key repository and Windows DPAPI to encrypt keys at rest. (Microsoft.AspNetCore.DataProtection.KeyManagement.XmlKeyManager)
2024-04-26 14:24:23.238|Warning|The WebRootPath was not found: C:\Users\김응기\Documents\SourceCode\2024\AgosWatchdog\AgosWatchdog\bin\Debug\wwwroot. Static files may be unavailable. (Microsoft.AspNetCore.StaticFiles.StaticFileMiddleware)
2024-04-26 14:24:23.274|Information|Now listening on: http://[::]:12001 (Microsoft.Hosting.Lifetime)
2024-04-26 14:24:23.276|Information|Application started. Press Ctrl+C to shut down. (Microsoft.Hosting.Lifetime)
2024-04-26 14:24:23.276|Information|Hosting environment: Production (Microsoft.Hosting.Lifetime)
2024-04-26 14:24:23.276|Information|Content root path: C:\Users\김응기\Documents\SourceCode\2024\AgosWatchdog\AgosWatchdog\bin\Debug (Microsoft.Hosting.Lifetime)
2024-04-26 14:24:25.728|Error|Error: Device not open Unable to open BB60 (Scanner_Blazor.Instrument.MavLink.ConBB60D)
2024-04-26 14:24:52.464|Warning|Ocusync 데이터 수신 되지 않음. 확인 필요 (Scanner_Blazor.Instrument.Ocusync.Ocusync)
2024-04-26 14:25:22.466|Warning|Ocusync 데이터 수신 되지 않음. 확인 필요 (Scanner_Blazor.Instrument.Ocusync.Ocusync)
2024-04-26 14:25:52.471|Warning|Ocusync 데이터 수신 되지 않음. 확인 필요 (Scanner_Blazor.Instrument.Ocusync.Ocusync)
2024-04-26 14:26:22.480|Warning|Ocusync 데이터 수신 되지 않음. 확인 필요 (Scanner_Blazor.Instrument.Ocusync.Ocusync)
2024-04-26 14:26:52.490|Warning|Ocusync 데이터 수신 되지 않음. 확인 필요 (Scanner_Blazor.Instrument.Ocusync.Ocusync)
2024-04-26 14:27:22.499|Warning|Ocusync 데이터 수신 되지 않음. 확인 필요 (Scanner_Blazor.Instrument.Ocusync.Ocusync)
2024-04-26 14:27:52.506|Warning|Ocusync 데이터 수신 되지 않음. 확인 필요 (Scanner_Blazor.Instrument.Ocusync.Ocusync)
2024-04-26 14:28:22.510|Warning|Ocusync 데이터 수신 되지 않음. 확인 필요 (Scanner_Blazor.Instrument.Ocusync.Ocusync)
2024-04-26 14:28:52.514|Warning|Ocusync 데이터 수신 되지 않음. 확인 필요 (Scanner_Blazor.Instrument.Ocusync.Ocusync)
2024-04-26 14:29:22.525|Warning|Ocusync 데이터 수신 되지 않음. 확인 필요 (Scanner_Blazor.Instrument.Ocusync.Ocusync)
2024-04-26 14:29:52.530|Warning|Ocusync 데이터 수신 되지 않음. 확인 필요 (Scanner_Blazor.Instrument.Ocusync.Ocusync)
2024-04-26 14:30:22.544|Warning|Ocusync 데이터 수신 되지 않음. 확인 필요 (Scanner_Blazor.Instrument.Ocusync.Ocusync)
2024-04-26 14:30:52.551|Warning|Ocusync 데이터 수신 되지 않음. 확인 필요 (Scanner_Blazor.Instrument.Ocusync.Ocusync)
2024-04-26 14:31:22.565|Warning|Ocusync 데이터 수신 되지 않음. 확인 필요 (Scanner_Blazor.Instrument.Ocusync.Ocusync)
2024-04-26 14:31:52.567|Warning|Ocusync 데이터 수신 되지 않음. 확인 필요 (Scanner_Blazor.Instrument.Ocusync.Ocusync)
2024-04-26 14:32:22.573|Warning|Ocusync 데이터 수신 되지 않음. 확인 필요 (Scanner_Blazor.Instrument.Ocusync.Ocusync)
2024-04-26 14:32:52.574|Warning|Ocusync 데이터 수신 되지 않음. 확인 필요 (Scanner_Blazor.Instrument.Ocusync.Ocusync)
2024-04-26 14:33:22.577|Warning|Ocusync 데이터 수신 되지 않음. 확인 필요 (Scanner_Blazor.Instrument.Ocusync.Ocusync)
2024-04-26 14:33:52.584|Warning|Ocusync 데이터 수신 되지 않음. 확인 필요 (Scanner_Blazor.Instrument.Ocusync.Ocusync)
2024-04-26 14:34:22.596|Warning|Ocusync 데이터 수신 되지 않음. 확인 필요 (Scanner_Blazor.Instrument.Ocusync.Ocusync)
2024-04-26 14:34:52.604|Warning|Ocusync 데이터 수신 되지 않음. 확인 필요 (Scanner_Blazor.Instrument.Ocusync.Ocusync)
2024-04-26 14:35:22.610|Warning|Ocusync 데이터 수신 되지 않음. 확인 필요 (Scanner_Blazor.Instrument.Ocusync.Ocusync)
2024-04-26 14:35:52.616|Warning|Ocusync 데이터 수신 되지 않음. 확인 필요 (Scanner_Blazor.Instrument.Ocusync.Ocusync)
2024-04-26 14:36:22.622|Warning|Ocusync 데이터 수신 되지 않음. 확인 필요 (Scanner_Blazor.Instrument.Ocusync.Ocusync)
2024-04-26 14:36:52.627|Warning|Ocusync 데이터 수신 되지 않음. 확인 필요 (Scanner_Blazor.Instrument.Ocusync.Ocusync)
2024-04-26 14:37:22.641|Warning|Ocusync 데이터 수신 되지 않음. 확인 필요 (Scanner_Blazor.Instrument.Ocusync.Ocusync)
2024-04-26 14:37:52.649|Warning|Ocusync 데이터 수신 되지 않음. 확인 필요 (Scanner_Blazor.Instrument.Ocusync.Ocusync)
2024-04-26 14:38:22.664|Warning|Ocusync 데이터 수신 되지 않음. 확인 필요 (Scanner_Blazor.Instrument.Ocusync.Ocusync)
2024-04-26 14:38:52.675|Warning|Ocusync 데이터 수신 되지 않음. 확인 필요 (Scanner_Blazor.Instrument.Ocusync.Ocusync)
2024-04-26 14:39:22.685|Warning|Ocusync 데이터 수신 되지 않음. 확인 필요 (Scanner_Blazor.Instrument.Ocusync.Ocusync)
2024-04-26 14:39:52.692|Warning|Ocusync 데이터 수신 되지 않음. 확인 필요 (Scanner_Blazor.Instrument.Ocusync.Ocusync)
2024-04-26 14:40:22.702|Warning|Ocusync 데이터 수신 되지 않음. 확인 필요 (Scanner_Blazor.Instrument.Ocusync.Ocusync)
2024-04-26 14:40:52.706|Warning|Ocusync 데이터 수신 되지 않음. 확인 필요 (Scanner_Blazor.Instrument.Ocusync.Ocusync)
2024-04-26 14:41:22.715|Warning|Ocusync 데이터 수신 되지 않음. 확인 필요 (Scanner_Blazor.Instrument.Ocusync.Ocusync)
2024-04-26 14:41:52.719|Warning|Ocusync 데이터 수신 되지 않음. 확인 필요 (Scanner_Blazor.Instrument.Ocusync.Ocusync)
2024-04-26 14:42:22.720|Warning|Ocusync 데이터 수신 되지 않음. 확인 필요 (Scanner_Blazor.Instrument.Ocusync.Ocusync)
2024-04-26 14:42:52.726|Warning|Ocusync 데이터 수신 되지 않음. 확인 필요 (Scanner_Blazor.Instrument.Ocusync.Ocusync)
2024-04-26 14:43:22.730|Warning|Ocusync 데이터 수신 되지 않음. 확인 필요 (Scanner_Blazor.Instrument.Ocusync.Ocusync)
2024-04-26 14:43:52.733|Warning|Ocusync 데이터 수신 되지 않음. 확인 필요 (Scanner_Blazor.Instrument.Ocusync.Ocusync)
2024-04-26 14:44:22.740|Warning|Ocusync 데이터 수신 되지 않음. 확인 필요 (Scanner_Blazor.Instrument.Ocusync.Ocusync)
2024-04-26 14:44:52.754|Warning|Ocusync 데이터 수신 되지 않음. 확인 필요 (Scanner_Blazor.Instrument.Ocusync.Ocusync)
2024-04-26 14:45:22.765|Warning|Ocusync 데이터 수신 되지 않음. 확인 필요 (Scanner_Blazor.Instrument.Ocusync.Ocusync)
2024-04-26 14:45:52.768|Warning|Ocusync 데이터 수신 되지 않음. 확인 필요 (Scanner_Blazor.Instrument.Ocusync.Ocusync)
2024-04-26 14:46:22.769|Warning|Ocusync 데이터 수신 되지 않음. 확인 필요 (Scanner_Blazor.Instrument.Ocusync.Ocusync)
2024-04-26 14:46:52.771|Warning|Ocusync 데이터 수신 되지 않음. 확인 필요 (Scanner_Blazor.Instrument.Ocusync.Ocusync)
2024-04-26 14:47:22.776|Warning|Ocusync 데이터 수신 되지 않음. 확인 필요 (Scanner_Blazor.Instrument.Ocusync.Ocusync)
2024-04-26 14:47:52.787|Warning|Ocusync 데이터 수신 되지 않음. 확인 필요 (Scanner_Blazor.Instrument.Ocusync.Ocusync)
2024-04-26 14:48:22.789|Warning|Ocusync 데이터 수신 되지 않음. 확인 필요 (Scanner_Blazor.Instrument.Ocusync.Ocusync)
2024-04-26 14:48:52.804|Warning|Ocusync 데이터 수신 되지 않음. 확인 필요 (Scanner_Blazor.Instrument.Ocusync.Ocusync)
2024-04-26 14:49:22.819|Warning|Ocusync 데이터 수신 되지 않음. 확인 필요 (Scanner_Blazor.Instrument.Ocusync.Ocusync)
2024-04-26 14:49:52.830|Warning|Ocusync 데이터 수신 되지 않음. 확인 필요 (Scanner_Blazor.Instrument.Ocusync.Ocusync)
2024-04-26 14:50:22.833|Warning|Ocusync 데이터 수신 되지 않음. 확인 필요 (Scanner_Blazor.Instrument.Ocusync.Ocusync)
2024-04-26 14:50:52.836|Warning|Ocusync 데이터 수신 되지 않음. 확인 필요 (Scanner_Blazor.Instrument.Ocusync.Ocusync)
2024-04-26 14:51:22.845|Warning|Ocusync 데이터 수신 되지 않음. 확인 필요 (Scanner_Blazor.Instrument.Ocusync.Ocusync)
2024-04-26 14:51:52.850|Warning|Ocusync 데이터 수신 되지 않음. 확인 필요 (Scanner_Blazor.Instrument.Ocusync.Ocusync)
2024-04-26 14:52:22.852|Warning|Ocusync 데이터 수신 되지 않음. 확인 필요 (Scanner_Blazor.Instrument.Ocusync.Ocusync)
2024-04-26 14:52:52.859|Warning|Ocusync 데이터 수신 되지 않음. 확인 필요 (Scanner_Blazor.Instrument.Ocusync.Ocusync)
2024-04-26 14:53:22.872|Warning|Ocusync 데이터 수신 되지 않음. 확인 필요 (Scanner_Blazor.Instrument.Ocusync.Ocusync)
2024-04-26 14:53:52.877|Warning|Ocusync 데이터 수신 되지 않음. 확인 필요 (Scanner_Blazor.Instrument.Ocusync.Ocusync)
2024-04-26 14:54:22.880|Warning|Ocusync 데이터 수신 되지 않음. 확인 필요 (Scanner_Blazor.Instrument.Ocusync.Ocusync)
2024-04-26 14:54:52.883|Warning|Ocusync 데이터 수신 되지 않음. 확인 필요 (Scanner_Blazor.Instrument.Ocusync.Ocusync)
2024-04-26 14:55:22.884|Warning|Ocusync 데이터 수신 되지 않음. 확인 필요 (Scanner_Blazor.Instrument.Ocusync.Ocusync)
2024-04-26 14:55:52.885|Warning|Ocusync 데이터 수신 되지 않음. 확인 필요 (Scanner_Blazor.Instrument.Ocusync.Ocusync)
2024-04-26 14:56:22.896|Warning|Ocusync 데이터 수신 되지 않음. 확인 필요 (Scanner_Blazor.Instrument.Ocusync.Ocusync)
2024-04-26 14:56:52.905|Warning|Ocusync 데이터 수신 되지 않음. 확인 필요 (Scanner_Blazor.Instrument.Ocusync.Ocusync)
2024-04-26 14:57:22.911|Warning|Ocusync 데이터 수신 되지 않음. 확인 필요 (Scanner_Blazor.Instrument.Ocusync.Ocusync)
2024-04-26 14:57:52.923|Warning|Ocusync 데이터 수신 되지 않음. 확인 필요 (Scanner_Blazor.Instrument.Ocusync.Ocusync)
2024-04-26 14:58:22.927|Warning|Ocusync 데이터 수신 되지 않음. 확인 필요 (Scanner_Blazor.Instrument.Ocusync.Ocusync)
2024-04-26 14:58:52.934|Warning|Ocusync 데이터 수신 되지 않음. 확인 필요 (Scanner_Blazor.Instrument.Ocusync.Ocusync)
2024-04-26 14:59:22.944|Warning|Ocusync 데이터 수신 되지 않음. 확인 필요 (Scanner_Blazor.Instrument.Ocusync.Ocusync)
2024-04-26 14:59:52.954|Warning|Ocusync 데이터 수신 되지 않음. 확인 필요 (Scanner_Blazor.Instrument.Ocusync.Ocusync)
2024-04-26 15:00:22.969|Warning|Ocusync 데이터 수신 되지 않음. 확인 필요 (Scanner_Blazor.Instrument.Ocusync.Ocusync)
2024-04-26 15:00:52.984|Warning|Ocusync 데이터 수신 되지 않음. 확인 필요 (Scanner_Blazor.Instrument.Ocusync.Ocusync)
2024-04-26 15:01:22.986|Warning|Ocusync 데이터 수신 되지 않음. 확인 필요 (Scanner_Blazor.Instrument.Ocusync.Ocusync)
2024-04-26 15:01:52.997|Warning|Ocusync 데이터 수신 되지 않음. 확인 필요 (Scanner_Blazor.Instrument.Ocusync.Ocusync)
2024-04-26 15:02:23.011|Warning|Ocusync 데이터 수신 되지 않음. 확인 필요 (Scanner_Blazor.Instrument.Ocusync.Ocusync)
2024-04-26 15:02:53.011|Warning|Ocusync 데이터 수신 되지 않음. 확인 필요 (Scanner_Blazor.Instrument.Ocusync.Ocusync)
2024-04-26 15:03:23.014|Warning|Ocusync 데이터 수신 되지 않음. 확인 필요 (Scanner_Blazor.Instrument.Ocusync.Ocusync)
2024-04-26 15:03:53.016|Warning|Ocusync 데이터 수신 되지 않음. 확인 필요 (Scanner_Blazor.Instrument.Ocusync.Ocusync)
2024-04-26 15:04:23.017|Warning|Ocusync 데이터 수신 되지 않음. 확인 필요 (Scanner_Blazor.Instrument.Ocusync.Ocusync)
2024-04-26 15:04:53.023|Warning|Ocusync 데이터 수신 되지 않음. 확인 필요 (Scanner_Blazor.Instrument.Ocusync.Ocusync)
2024-04-26 15:05:23.031|Warning|Ocusync 데이터 수신 되지 않음. 확인 필요 (Scanner_Blazor.Instrument.Ocusync.Ocusync)
2024-04-26 15:05:53.046|Warning|Ocusync 데이터 수신 되지 않음. 확인 필요 (Scanner_Blazor.Instrument.Ocusync.Ocusync)
2024-04-26 15:06:23.046|Warning|Ocusync 데이터 수신 되지 않음. 확인 필요 (Scanner_Blazor.Instrument.Ocusync.Ocusync)
2024-04-26 15:06:53.059|Warning|Ocusync 데이터 수신 되지 않음. 확인 필요 (Scanner_Blazor.Instrument.Ocusync.Ocusync)
2024-04-26 15:07:23.073|Warning|Ocusync 데이터 수신 되지 않음. 확인 필요 (Scanner_Blazor.Instrument.Ocusync.Ocusync)
2024-04-26 15:07:53.078|Warning|Ocusync 데이터 수신 되지 않음. 확인 필요 (Scanner_Blazor.Instrument.Ocusync.Ocusync)
2024-04-26 15:08:23.091|Warning|Ocusync 데이터 수신 되지 않음. 확인 필요 (Scanner_Blazor.Instrument.Ocusync.Ocusync)
2024-04-26 15:08:43.865|Information|User profile is available. Using 'C:\Users\김응기\AppData\Local\ASP.NET\DataProtection-Keys' as key repository and Windows DPAPI to encrypt keys at rest. (Microsoft.AspNetCore.DataProtection.KeyManagement.XmlKeyManager)
2024-04-26 15:08:43.918|Warning|The WebRootPath was not found: C:\Users\김응기\Documents\SourceCode\2024\AgosWatchdog\AgosWatchdog\bin\Debug\wwwroot. Static files may be unavailable. (Microsoft.AspNetCore.StaticFiles.StaticFileMiddleware)
2024-04-26 15:08:43.935|Error|Hosting failed to start (Microsoft.Extensions.Hosting.Internal.Host)Failed to bind to address http://[::]:12001: address already in use.
2024-04-26 15:09:00.426|Information|User profile is available. Using 'C:\Users\김응기\AppData\Local\ASP.NET\DataProtection-Keys' as key repository and Windows DPAPI to encrypt keys at rest. (Microsoft.AspNetCore.DataProtection.KeyManagement.XmlKeyManager)
2024-04-26 15:09:00.482|Warning|The WebRootPath was not found: C:\Users\김응기\Documents\SourceCode\2024\AgosWatchdog\AgosWatchdog\bin\Debug\wwwroot. Static files may be unavailable. (Microsoft.AspNetCore.StaticFiles.StaticFileMiddleware)
2024-04-26 15:09:00.494|Information|Now listening on: http://[::]:12001 (Microsoft.Hosting.Lifetime)
2024-04-26 15:09:00.496|Information|Application started. Press Ctrl+C to shut down. (Microsoft.Hosting.Lifetime)
2024-04-26 15:09:00.496|Information|Hosting environment: Production (Microsoft.Hosting.Lifetime)
2024-04-26 15:09:00.496|Information|Content root path: C:\Users\김응기\Documents\SourceCode\2024\AgosWatchdog\AgosWatchdog\bin\Debug (Microsoft.Hosting.Lifetime)
2024-04-26 15:09:03.402|Error|Error: Device not open Unable to open BB60 (Scanner_Blazor.Instrument.MavLink.ConBB60D)
2024-04-26 15:09:30.404|Warning|Ocusync 데이터 수신 되지 않음. 확인 필요 (Scanner_Blazor.Instrument.Ocusync.Ocusync)
2024-04-26 15:10:00.408|Warning|Ocusync 데이터 수신 되지 않음. 확인 필요 (Scanner_Blazor.Instrument.Ocusync.Ocusync)
2024-04-26 15:10:30.420|Warning|Ocusync 데이터 수신 되지 않음. 확인 필요 (Scanner_Blazor.Instrument.Ocusync.Ocusync)
2024-04-26 15:11:00.427|Warning|Ocusync 데이터 수신 되지 않음. 확인 필요 (Scanner_Blazor.Instrument.Ocusync.Ocusync)
2024-04-26 15:11:30.428|Warning|Ocusync 데이터 수신 되지 않음. 확인 필요 (Scanner_Blazor.Instrument.Ocusync.Ocusync)
2024-04-26 15:12:00.430|Warning|Ocusync 데이터 수신 되지 않음. 확인 필요 (Scanner_Blazor.Instrument.Ocusync.Ocusync)
2024-04-26 15:12:30.442|Warning|Ocusync 데이터 수신 되지 않음. 확인 필요 (Scanner_Blazor.Instrument.Ocusync.Ocusync)
2024-04-26 15:13:00.452|Warning|Ocusync 데이터 수신 되지 않음. 확인 필요 (Scanner_Blazor.Instrument.Ocusync.Ocusync)
2024-04-26 15:13:30.465|Warning|Ocusync 데이터 수신 되지 않음. 확인 필요 (Scanner_Blazor.Instrument.Ocusync.Ocusync)
2024-04-26 15:14:00.477|Warning|Ocusync 데이터 수신 되지 않음. 확인 필요 (Scanner_Blazor.Instrument.Ocusync.Ocusync)
2024-04-26 15:14:30.478|Warning|Ocusync 데이터 수신 되지 않음. 확인 필요 (Scanner_Blazor.Instrument.Ocusync.Ocusync)
2024-04-26 15:15:00.491|Warning|Ocusync 데이터 수신 되지 않음. 확인 필요 (Scanner_Blazor.Instrument.Ocusync.Ocusync)
2024-04-26 15:15:30.496|Warning|Ocusync 데이터 수신 되지 않음. 확인 필요 (Scanner_Blazor.Instrument.Ocusync.Ocusync)
2024-04-26 15:16:00.512|Warning|Ocusync 데이터 수신 되지 않음. 확인 필요 (Scanner_Blazor.Instrument.Ocusync.Ocusync)
2024-04-26 15:16:30.513|Warning|Ocusync 데이터 수신 되지 않음. 확인 필요 (Scanner_Blazor.Instrument.Ocusync.Ocusync)
2024-04-26 15:29:12.184|Information|User profile is available. Using 'C:\Users\김응기\AppData\Local\ASP.NET\DataProtection-Keys' as key repository and Windows DPAPI to encrypt keys at rest. (Microsoft.AspNetCore.DataProtection.KeyManagement.XmlKeyManager)
2024-04-26 15:29:12.243|Warning|The WebRootPath was not found: C:\Users\김응기\Documents\SourceCode\2024\AgosWatchdog\AgosWatchdog\bin\Debug\wwwroot. Static files may be unavailable. (Microsoft.AspNetCore.StaticFiles.StaticFileMiddleware)
2024-04-26 15:29:12.256|Information|Now listening on: http://[::]:12001 (Microsoft.Hosting.Lifetime)
2024-04-26 15:29:12.258|Information|Application started. Press Ctrl+C to shut down. (Microsoft.Hosting.Lifetime)
2024-04-26 15:29:12.258|Information|Hosting environment: Production (Microsoft.Hosting.Lifetime)
2024-04-26 15:29:12.258|Information|Content root path: C:\Users\김응기\Documents\SourceCode\2024\AgosWatchdog\AgosWatchdog\bin\Debug (Microsoft.Hosting.Lifetime)
2024-04-26 15:29:15.167|Error|Error: Device not open Unable to open BB60 (Scanner_Blazor.Instrument.MavLink.ConBB60D)
2024-04-26 15:29:42.144|Warning|Ocusync 데이터 수신 되지 않음. 확인 필요 (Scanner_Blazor.Instrument.Ocusync.Ocusync)
2024-04-26 15:30:12.151|Warning|Ocusync 데이터 수신 되지 않음. 확인 필요 (Scanner_Blazor.Instrument.Ocusync.Ocusync)
2024-04-26 15:30:42.161|Warning|Ocusync 데이터 수신 되지 않음. 확인 필요 (Scanner_Blazor.Instrument.Ocusync.Ocusync)
2024-04-26 15:31:12.167|Warning|Ocusync 데이터 수신 되지 않음. 확인 필요 (Scanner_Blazor.Instrument.Ocusync.Ocusync)
2024-04-26 15:31:42.167|Warning|Ocusync 데이터 수신 되지 않음. 확인 필요 (Scanner_Blazor.Instrument.Ocusync.Ocusync)
2024-04-26 15:32:12.178|Warning|Ocusync 데이터 수신 되지 않음. 확인 필요 (Scanner_Blazor.Instrument.Ocusync.Ocusync)
2024-04-26 15:32:42.191|Warning|Ocusync 데이터 수신 되지 않음. 확인 필요 (Scanner_Blazor.Instrument.Ocusync.Ocusync)
2024-04-26 15:33:12.198|Warning|Ocusync 데이터 수신 되지 않음. 확인 필요 (Scanner_Blazor.Instrument.Ocusync.Ocusync)
2024-04-26 15:33:42.203|Warning|Ocusync 데이터 수신 되지 않음. 확인 필요 (Scanner_Blazor.Instrument.Ocusync.Ocusync)
2024-04-26 15:34:12.212|Warning|Ocusync 데이터 수신 되지 않음. 확인 필요 (Scanner_Blazor.Instrument.Ocusync.Ocusync)
2024-04-26 15:34:42.227|Warning|Ocusync 데이터 수신 되지 않음. 확인 필요 (Scanner_Blazor.Instrument.Ocusync.Ocusync)
2024-04-26 15:34:47.127|Information|User profile is available. Using 'C:\Users\김응기\AppData\Local\ASP.NET\DataProtection-Keys' as key repository and Windows DPAPI to encrypt keys at rest. (Microsoft.AspNetCore.DataProtection.KeyManagement.XmlKeyManager)
2024-04-26 15:34:47.192|Warning|The WebRootPath was not found: C:\Users\김응기\Documents\SourceCode\2024\AgosWatchdog\AgosWatchdog\bin\Debug\wwwroot. Static files may be unavailable. (Microsoft.AspNetCore.StaticFiles.StaticFileMiddleware)
2024-04-26 15:34:47.205|Error|Hosting failed to start (Microsoft.Extensions.Hosting.Internal.Host)Failed to bind to address http://[::]:12001: address already in use.
2024-04-26 15:35:15.625|Information|User profile is available. Using 'C:\Users\김응기\AppData\Local\ASP.NET\DataProtection-Keys' as key repository and Windows DPAPI to encrypt keys at rest. (Microsoft.AspNetCore.DataProtection.KeyManagement.XmlKeyManager)
2024-04-26 15:35:15.674|Warning|The WebRootPath was not found: C:\Users\김응기\Documents\SourceCode\2024\AgosWatchdog\AgosWatchdog\bin\Debug\wwwroot. Static files may be unavailable. (Microsoft.AspNetCore.StaticFiles.StaticFileMiddleware)
2024-04-26 15:35:15.684|Information|Now listening on: http://[::]:12001 (Microsoft.Hosting.Lifetime)
2024-04-26 15:35:15.685|Information|Application started. Press Ctrl+C to shut down. (Microsoft.Hosting.Lifetime)
2024-04-26 15:35:15.686|Information|Hosting environment: Production (Microsoft.Hosting.Lifetime)
2024-04-26 15:35:15.686|Information|Content root path: C:\Users\김응기\Documents\SourceCode\2024\AgosWatchdog\AgosWatchdog\bin\Debug (Microsoft.Hosting.Lifetime)
2024-04-26 15:35:18.605|Error|Error: Device not open Unable to open BB60 (Scanner_Blazor.Instrument.MavLink.ConBB60D)
2024-04-26 15:35:45.596|Warning|Ocusync 데이터 수신 되지 않음. 확인 필요 (Scanner_Blazor.Instrument.Ocusync.Ocusync)
2024-04-26 15:36:00.461|Information|User profile is available. Using 'C:\Users\김응기\AppData\Local\ASP.NET\DataProtection-Keys' as key repository and Windows DPAPI to encrypt keys at rest. (Microsoft.AspNetCore.DataProtection.KeyManagement.XmlKeyManager)
2024-04-26 15:36:00.528|Warning|The WebRootPath was not found: C:\Users\김응기\Documents\SourceCode\2024\AgosWatchdog\AgosWatchdog\bin\Debug\wwwroot. Static files may be unavailable. (Microsoft.AspNetCore.StaticFiles.StaticFileMiddleware)
2024-04-26 15:36:00.540|Information|Now listening on: http://[::]:12001 (Microsoft.Hosting.Lifetime)
2024-04-26 15:36:00.542|Information|Application started. Press Ctrl+C to shut down. (Microsoft.Hosting.Lifetime)
2024-04-26 15:36:00.542|Information|Hosting environment: Production (Microsoft.Hosting.Lifetime)
2024-04-26 15:36:00.542|Information|Content root path: C:\Users\김응기\Documents\SourceCode\2024\AgosWatchdog\AgosWatchdog\bin\Debug (Microsoft.Hosting.Lifetime)
2024-04-26 15:36:03.435|Error|Error: Device not open Unable to open BB60 (Scanner_Blazor.Instrument.MavLink.ConBB60D)
2024-04-26 15:36:30.424|Warning|Ocusync 데이터 수신 되지 않음. 확인 필요 (Scanner_Blazor.Instrument.Ocusync.Ocusync)
2024-04-26 15:37:00.438|Warning|Ocusync 데이터 수신 되지 않음. 확인 필요 (Scanner_Blazor.Instrument.Ocusync.Ocusync)
2024-04-26 15:37:30.440|Warning|Ocusync 데이터 수신 되지 않음. 확인 필요 (Scanner_Blazor.Instrument.Ocusync.Ocusync)
2024-04-26 15:38:00.448|Warning|Ocusync 데이터 수신 되지 않음. 확인 필요 (Scanner_Blazor.Instrument.Ocusync.Ocusync)
2024-04-26 15:38:30.450|Warning|Ocusync 데이터 수신 되지 않음. 확인 필요 (Scanner_Blazor.Instrument.Ocusync.Ocusync)
2024-04-26 15:39:00.461|Warning|Ocusync 데이터 수신 되지 않음. 확인 필요 (Scanner_Blazor.Instrument.Ocusync.Ocusync)
2024-04-26 15:39:30.473|Warning|Ocusync 데이터 수신 되지 않음. 확인 필요 (Scanner_Blazor.Instrument.Ocusync.Ocusync)
2024-04-26 15:40:00.477|Warning|Ocusync 데이터 수신 되지 않음. 확인 필요 (Scanner_Blazor.Instrument.Ocusync.Ocusync)
2024-04-26 15:40:30.485|Warning|Ocusync 데이터 수신 되지 않음. 확인 필요 (Scanner_Blazor.Instrument.Ocusync.Ocusync)
2024-04-26 15:41:00.490|Warning|Ocusync 데이터 수신 되지 않음. 확인 필요 (Scanner_Blazor.Instrument.Ocusync.Ocusync)
2024-04-26 15:41:30.494|Warning|Ocusync 데이터 수신 되지 않음. 확인 필요 (Scanner_Blazor.Instrument.Ocusync.Ocusync)
2024-04-26 15:42:00.494|Warning|Ocusync 데이터 수신 되지 않음. 확인 필요 (Scanner_Blazor.Instrument.Ocusync.Ocusync)
2024-04-26 15:42:30.499|Warning|Ocusync 데이터 수신 되지 않음. 확인 필요 (Scanner_Blazor.Instrument.Ocusync.Ocusync)
2024-04-26 15:43:00.508|Warning|Ocusync 데이터 수신 되지 않음. 확인 필요 (Scanner_Blazor.Instrument.Ocusync.Ocusync)
2024-04-26 15:43:30.515|Warning|Ocusync 데이터 수신 되지 않음. 확인 필요 (Scanner_Blazor.Instrument.Ocusync.Ocusync)
2024-04-26 15:44:00.530|Warning|Ocusync 데이터 수신 되지 않음. 확인 필요 (Scanner_Blazor.Instrument.Ocusync.Ocusync)
2024-04-26 15:44:30.545|Warning|Ocusync 데이터 수신 되지 않음. 확인 필요 (Scanner_Blazor.Instrument.Ocusync.Ocusync)
2024-04-26 15:45:00.552|Warning|Ocusync 데이터 수신 되지 않음. 확인 필요 (Scanner_Blazor.Instrument.Ocusync.Ocusync)
2024-04-26 15:45:30.559|Warning|Ocusync 데이터 수신 되지 않음. 확인 필요 (Scanner_Blazor.Instrument.Ocusync.Ocusync)
2024-04-26 15:46:00.561|Warning|Ocusync 데이터 수신 되지 않음. 확인 필요 (Scanner_Blazor.Instrument.Ocusync.Ocusync)
