2024-05-02 12:52:10.790|Information|Websocket StartAsync (ClassLibrary1.Networking.WebSocket.WebSocketServer)
2024-05-02 12:52:11.054|Information|Websocket 요청 들어옴. System.Net.HttpListenerContext (ClassLibrary1.Networking.WebSocket.WebSocketServer)
2024-05-02 12:52:11.161|Information|Websocket 요청 들어옴. System.Net.HttpListenerContext (ClassLibrary1.Networking.WebSocket.WebSocketServer)
2024-05-02 12:52:11.161|Information|Websocket 요청 들어옴. System.Net.HttpListenerContext (ClassLibrary1.Networking.WebSocket.WebSocketServer)
2024-05-02 12:52:11.161|Information|Websocket 요청 들어옴. System.Net.HttpListenerContext (ClassLibrary1.Networking.WebSocket.WebSocketServer)
2024-05-02 12:52:12.232|Information|User profile is available. Using 'C:\Users\김응기\AppData\Local\ASP.NET\DataProtection-Keys' as key repository and Windows DPAPI to encrypt keys at rest. (Microsoft.AspNetCore.DataProtection.KeyManagement.XmlKeyManager)
2024-05-02 12:52:12.452|Warning|The WebRootPath was not found: C:\Users\김응기\Documents\SourceCode\2024\AgosWatchdog\AgosWatchdog\bin\Debug\wwwroot. Static files may be unavailable. (Microsoft.AspNetCore.StaticFiles.StaticFileMiddleware)
2024-05-02 12:52:12.483|Information|Now listening on: http://[::]:12001 (Microsoft.Hosting.Lifetime)
2024-05-02 12:52:12.485|Information|Application started. Press Ctrl+C to shut down. (Microsoft.Hosting.Lifetime)
2024-05-02 12:52:12.485|Information|Hosting environment: Production (Microsoft.Hosting.Lifetime)
2024-05-02 12:52:12.485|Information|Content root path: C:\Users\김응기\Documents\SourceCode\2024\AgosWatchdog\AgosWatchdog\bin\Debug (Microsoft.Hosting.Lifetime)
2024-05-02 12:52:14.896|Error|Error: Device not open Unable to open BB60 (Scanner_Blazor.Instrument.MavLink.ConBB60D)
2024-05-02 12:52:19.105|Information|Websocket StartAsync (ClassLibrary1.Networking.WebSocket.WebSocketServer)
2024-05-02 12:52:19.237|Information|User profile is available. Using 'C:\Users\김응기\AppData\Local\ASP.NET\DataProtection-Keys' as key repository and Windows DPAPI to encrypt keys at rest. (Microsoft.AspNetCore.DataProtection.KeyManagement.XmlKeyManager)
2024-05-02 12:52:19.283|Warning|The WebRootPath was not found: C:\Users\김응기\Documents\SourceCode\2024\AgosWatchdog\AgosWatchdog\bin\Debug\wwwroot. Static files may be unavailable. (Microsoft.AspNetCore.StaticFiles.StaticFileMiddleware)
2024-05-02 12:52:19.291|Information|Now listening on: http://[::]:12001 (Microsoft.Hosting.Lifetime)
2024-05-02 12:52:19.293|Information|Application started. Press Ctrl+C to shut down. (Microsoft.Hosting.Lifetime)
2024-05-02 12:52:19.293|Information|Hosting environment: Production (Microsoft.Hosting.Lifetime)
2024-05-02 12:52:19.293|Information|Content root path: C:\Users\김응기\Documents\SourceCode\2024\AgosWatchdog\AgosWatchdog\bin\Debug (Microsoft.Hosting.Lifetime)
2024-05-02 12:52:22.217|Error|Error: Device not open Unable to open BB60 (Scanner_Blazor.Instrument.MavLink.ConBB60D)
2024-05-02 12:52:22.295|Information|Websocket 요청 들어옴. System.Net.HttpListenerContext (ClassLibrary1.Networking.WebSocket.WebSocketServer)
2024-05-02 12:52:22.305|Information|Websocket 요청 들어옴. System.Net.HttpListenerContext (ClassLibrary1.Networking.WebSocket.WebSocketServer)
2024-05-02 12:52:22.305|Information|Websocket 요청 들어옴. System.Net.HttpListenerContext (ClassLibrary1.Networking.WebSocket.WebSocketServer)
2024-05-02 12:52:22.305|Information|Websocket 요청 들어옴. System.Net.HttpListenerContext (ClassLibrary1.Networking.WebSocket.WebSocketServer)
2024-05-02 12:52:32.615|Information|Request starting HTTP/1.1 GET http://localhost:12001/ - - - (Microsoft.AspNetCore.Hosting.Diagnostics)
2024-05-02 12:52:32.672|Warning|Failed to determine the https port for redirect. (Microsoft.AspNetCore.HttpsPolicy.HttpsRedirectionMiddleware)
2024-05-02 12:52:32.725|Information|Executing endpoint '/ (/)' (Microsoft.AspNetCore.Routing.EndpointMiddleware)
2024-05-02 12:52:32.864|Information|Authorization failed. These requirements were not met:
DenyAnonymousAuthorizationRequirement: Requires an authenticated user. (Microsoft.AspNetCore.Authorization.DefaultAuthorizationService)
2024-05-02 12:52:32.950|Information|Executed endpoint '/ (/)' (Microsoft.AspNetCore.Routing.EndpointMiddleware)
2024-05-02 12:52:32.952|Information|2024-05-02 12:52:32.965|Information|Request starting HTTP/1.1 GET http://localhost:12001/app.css - - - (Microsoft.AspNetCore.Hosting.Diagnostics)
2024-05-02 12:52:32.965|Information|Request starting HTTP/1.1 GET http://localhost:12001/Scanner_Blazor.styles.css - - - (Microsoft.AspNetCore.Hosting.Diagnostics)
2024-05-02 12:52:32.965|Information|Request starting HTTP/1.1 GET http://localhost:12001/bootstrap/bootstrap.min.css - - - (Microsoft.AspNetCore.Hosting.Diagnostics)
2024-05-02 12:52:32.967|Information|Request starting HTTP/1.1 GET http://localhost:12001/js/customFunctions.js - - - (Microsoft.AspNetCore.Hosting.Diagnostics)
2024-05-02 12:52:32.968|Information|Request starting HTTP/1.1 GET http://localhost:12001/_framework/blazor.web.js - - - (Microsoft.AspNetCore.Hosting.Diagnostics)
2024-05-02 12:52:32.969|Information|2024-05-02 12:52:32.969|Information|2024-05-02 12:52:32.969|Information|2024-05-02 12:52:32.969|Information|2024-05-02 12:52:32.969|Information|2024-05-02 12:52:32.969|Information|2024-05-02 12:52:32.969|Information|2024-05-02 12:52:32.969|Information|2024-05-02 12:52:32.970|Information|Executing endpoint 'Blazor web static files' (Microsoft.AspNetCore.Routing.EndpointMiddleware)
2024-05-02 12:52:32.973|Information|The file /_framework/blazor.web.js was not modified (Microsoft.AspNetCore.StaticFiles.StaticFileMiddleware)
2024-05-02 12:52:32.973|Information|Executed endpoint 'Blazor web static files' (Microsoft.AspNetCore.Routing.EndpointMiddleware)
2024-05-02 12:52:32.973|Information|2024-05-02 12:52:32.991|Information|Request starting HTTP/1.1 GET http://localhost:12001/_blazor/initializers - - - (Microsoft.AspNetCore.Hosting.Diagnostics)
2024-05-02 12:52:32.992|Information|Executing endpoint 'Microsoft.AspNetCore.Routing.RouteEndpoint' (Microsoft.AspNetCore.Routing.EndpointMiddleware)
2024-05-02 12:52:32.994|Information|Executed endpoint 'Microsoft.AspNetCore.Routing.RouteEndpoint' (Microsoft.AspNetCore.Routing.EndpointMiddleware)
2024-05-02 12:52:32.994|Information|2024-05-02 12:52:33.020|Information|Request starting HTTP/1.1 GET http://localhost:12001/favicon.png - - - (Microsoft.AspNetCore.Hosting.Diagnostics)
2024-05-02 12:52:33.020|Information|2024-05-02 12:52:33.020|Information|2024-05-02 12:52:33.025|Information|Request starting HTTP/1.1 POST http://localhost:12001/_blazor/negotiate?negotiateVersion=1 - - 0 (Microsoft.AspNetCore.Hosting.Diagnostics)
2024-05-02 12:52:33.026|Information|Executing endpoint 'Microsoft.AspNetCore.Routing.RouteEndpoint' (Microsoft.AspNetCore.Routing.EndpointMiddleware)
2024-05-02 12:52:33.034|Information|Executed endpoint 'Microsoft.AspNetCore.Routing.RouteEndpoint' (Microsoft.AspNetCore.Routing.EndpointMiddleware)
2024-05-02 12:52:33.034|Information|2024-05-02 12:52:33.036|Information|Request starting HTTP/1.1 GET http://localhost:12001/_blazor?id=3Wnij-Z9fZTkdZU7Ll6kPQ - - - (Microsoft.AspNetCore.Hosting.Diagnostics)
2024-05-02 12:52:33.036|Information|Executing endpoint 'Microsoft.AspNetCore.Routing.RouteEndpoint' (Microsoft.AspNetCore.Routing.EndpointMiddleware)
2024-05-02 12:52:33.434|Information|Authorization failed. These requirements were not met:
DenyAnonymousAuthorizationRequirement: Requires an authenticated user. (Microsoft.AspNetCore.Authorization.DefaultAuthorizationService)
2024-05-02 12:52:33.439|Information|Authorization failed. These requirements were not met:
DenyAnonymousAuthorizationRequirement: Requires an authenticated user. (Microsoft.AspNetCore.Authorization.DefaultAuthorizationService)
2024-05-02 12:52:33.451|Information|Request starting HTTP/1.1 GET http://localhost:12001/login - - - (Microsoft.AspNetCore.Hosting.Diagnostics)
2024-05-02 12:52:33.451|Information|Executing endpoint '/login (/login)' (Microsoft.AspNetCore.Routing.EndpointMiddleware)
2024-05-02 12:52:33.457|Information|Authorization failed. These requirements were not met:
DenyAnonymousAuthorizationRequirement: Requires an authenticated user. (Microsoft.AspNetCore.Authorization.DefaultAuthorizationService)
2024-05-02 12:52:33.495|Information|Executed endpoint '/login (/login)' (Microsoft.AspNetCore.Routing.EndpointMiddleware)
2024-05-02 12:52:33.496|Information|2024-05-02 12:52:33.501|Information|Request starting HTTP/1.1 POST http://localhost:12001/_blazor/disconnect - multipart/form-data;+boundary=----WebKitFormBoundaryYcmCKFXg09oMBRg0 359 (Microsoft.AspNetCore.Hosting.Diagnostics)
2024-05-02 12:52:33.501|Information|Executing endpoint 'Microsoft.AspNetCore.Routing.RouteEndpoint' (Microsoft.AspNetCore.Routing.EndpointMiddleware)
2024-05-02 12:52:33.503|Information|Executed endpoint 'Microsoft.AspNetCore.Routing.RouteEndpoint' (Microsoft.AspNetCore.Routing.EndpointMiddleware)
2024-05-02 12:52:33.504|Information|2024-05-02 12:52:33.507|Information|Executed endpoint 'Microsoft.AspNetCore.Routing.RouteEndpoint' (Microsoft.AspNetCore.Routing.EndpointMiddleware)
2024-05-02 12:52:33.507|Information|2024-05-02 12:52:33.511|Information|Request starting HTTP/1.1 GET http://localhost:12001/bootstrap/bootstrap.min.css - - - (Microsoft.AspNetCore.Hosting.Diagnostics)
2024-05-02 12:52:33.511|Information|2024-05-02 12:52:33.511|Information|2024-05-02 12:52:33.514|Information|Request starting HTTP/1.1 GET http://localhost:12001/app.css - - - (Microsoft.AspNetCore.Hosting.Diagnostics)
2024-05-02 12:52:33.514|Information|Request starting HTTP/1.1 GET http://localhost:12001/js/customFunctions.js - - - (Microsoft.AspNetCore.Hosting.Diagnostics)
2024-05-02 12:52:33.514|Information|Request starting HTTP/1.1 GET http://localhost:12001/Scanner_Blazor.styles.css - - - (Microsoft.AspNetCore.Hosting.Diagnostics)
2024-05-02 12:52:33.514|Information|Request starting HTTP/1.1 GET http://localhost:12001/_framework/blazor.web.js - - - (Microsoft.AspNetCore.Hosting.Diagnostics)
2024-05-02 12:52:33.515|Information|2024-05-02 12:52:33.515|Information|2024-05-02 12:52:33.515|Information|2024-05-02 12:52:33.515|Information|2024-05-02 12:52:33.515|Information|2024-05-02 12:52:33.515|Information|2024-05-02 12:52:33.515|Information|Executing endpoint 'Blazor web static files' (Microsoft.AspNetCore.Routing.EndpointMiddleware)
2024-05-02 12:52:33.516|Information|The file /_framework/blazor.web.js was not modified (Microsoft.AspNetCore.StaticFiles.StaticFileMiddleware)
2024-05-02 12:52:33.516|Information|Executed endpoint 'Blazor web static files' (Microsoft.AspNetCore.Routing.EndpointMiddleware)
2024-05-02 12:52:33.516|Information|2024-05-02 12:52:33.527|Information|Request starting HTTP/1.1 GET http://localhost:12001/_blazor/initializers - - - (Microsoft.AspNetCore.Hosting.Diagnostics)
2024-05-02 12:52:33.527|Information|Executing endpoint 'Microsoft.AspNetCore.Routing.RouteEndpoint' (Microsoft.AspNetCore.Routing.EndpointMiddleware)
2024-05-02 12:52:33.527|Information|Executed endpoint 'Microsoft.AspNetCore.Routing.RouteEndpoint' (Microsoft.AspNetCore.Routing.EndpointMiddleware)
2024-05-02 12:52:33.527|Information|2024-05-02 12:52:33.533|Information|Request starting HTTP/1.1 POST http://localhost:12001/_blazor/negotiate?negotiateVersion=1 - - 0 (Microsoft.AspNetCore.Hosting.Diagnostics)
2024-05-02 12:52:33.533|Information|Executing endpoint 'Microsoft.AspNetCore.Routing.RouteEndpoint' (Microsoft.AspNetCore.Routing.EndpointMiddleware)
2024-05-02 12:52:33.533|Information|Executed endpoint 'Microsoft.AspNetCore.Routing.RouteEndpoint' (Microsoft.AspNetCore.Routing.EndpointMiddleware)
2024-05-02 12:52:33.533|Information|2024-05-02 12:52:33.535|Information|Request starting HTTP/1.1 GET http://localhost:12001/_blazor?id=6Xz6IGXTjScpcx3jnTgI1g - - - (Microsoft.AspNetCore.Hosting.Diagnostics)
2024-05-02 12:52:33.535|Information|Executing endpoint 'Microsoft.AspNetCore.Routing.RouteEndpoint' (Microsoft.AspNetCore.Routing.EndpointMiddleware)
2024-05-02 12:52:33.544|Information|Authorization failed. These requirements were not met:
DenyAnonymousAuthorizationRequirement: Requires an authenticated user. (Microsoft.AspNetCore.Authorization.DefaultAuthorizationService)
2024-05-02 12:52:33.546|Information|Authorization failed. These requirements were not met:
DenyAnonymousAuthorizationRequirement: Requires an authenticated user. (Microsoft.AspNetCore.Authorization.DefaultAuthorizationService)
2024-05-02 12:52:36.615|Information|Authorization failed. These requirements were not met:
DenyAnonymousAuthorizationRequirement: Requires an authenticated user. (Microsoft.AspNetCore.Authorization.DefaultAuthorizationService)
2024-05-02 12:52:37.348|Information|Authorization failed. These requirements were not met:
DenyAnonymousAuthorizationRequirement: Requires an authenticated user. (Microsoft.AspNetCore.Authorization.DefaultAuthorizationService)
2024-05-02 12:52:37.355|Information|Authorization failed. These requirements were not met:
DenyAnonymousAuthorizationRequirement: Requires an authenticated user. (Microsoft.AspNetCore.Authorization.DefaultAuthorizationService)
2024-05-02 12:52:37.361|Warning|Unhandled exception rendering component: Value cannot be null. (Parameter 's') (Microsoft.AspNetCore.Components.Server.Circuits.RemoteRenderer)Value cannot be null. (Parameter 's')
2024-05-02 12:52:37.366|Error|Unhandled exception in circuit '0wu40WL71MCmTx0cDrdbyGibUeDLyoC11ETn7MrFvAk'. (Microsoft.AspNetCore.Components.Server.Circuits.CircuitHost)Value cannot be null. (Parameter 's')
2024-05-02 12:52:37.368|Information|Executed endpoint 'Microsoft.AspNetCore.Routing.RouteEndpoint' (Microsoft.AspNetCore.Routing.EndpointMiddleware)
2024-05-02 12:52:37.368|Information|2024-05-02 12:52:47.379|Information|Request starting HTTP/1.1 GET http://localhost:12001/bootstrap/bootstrap.min.css - - - (Microsoft.AspNetCore.Hosting.Diagnostics)
2024-05-02 12:52:47.379|Information|Request starting HTTP/1.1 GET http://localhost:12001/app.css - - - (Microsoft.AspNetCore.Hosting.Diagnostics)
2024-05-02 12:52:47.379|Information|Request starting HTTP/1.1 GET http://localhost:12001/Scanner_Blazor.styles.css - - - (Microsoft.AspNetCore.Hosting.Diagnostics)
2024-05-02 12:52:47.379|Information|2024-05-02 12:52:47.379|Information|2024-05-02 12:52:47.379|Information|2024-05-02 12:52:47.379|Information|2024-05-02 12:52:47.379|Information|2024-05-02 12:52:47.379|Information|2024-05-02 12:52:49.183|Information|Request starting HTTP/1.1 GET http://localhost:12001/login - - - (Microsoft.AspNetCore.Hosting.Diagnostics)
2024-05-02 12:52:49.183|Information|Executing endpoint '/login (/login)' (Microsoft.AspNetCore.Routing.EndpointMiddleware)
2024-05-02 12:52:49.185|Information|Authorization failed. These requirements were not met:
DenyAnonymousAuthorizationRequirement: Requires an authenticated user. (Microsoft.AspNetCore.Authorization.DefaultAuthorizationService)
2024-05-02 12:52:49.186|Information|Executed endpoint '/login (/login)' (Microsoft.AspNetCore.Routing.EndpointMiddleware)
2024-05-02 12:52:49.186|Information|2024-05-02 12:52:49.194|Information|Request starting HTTP/1.1 POST http://localhost:12001/_blazor/disconnect - multipart/form-data;+boundary=----WebKitFormBoundary2Jph52Rt8yKmANAH 359 (Microsoft.AspNetCore.Hosting.Diagnostics)
2024-05-02 12:52:49.194|Information|Executing endpoint 'Microsoft.AspNetCore.Routing.RouteEndpoint' (Microsoft.AspNetCore.Routing.EndpointMiddleware)
2024-05-02 12:52:49.194|Information|Executed endpoint 'Microsoft.AspNetCore.Routing.RouteEndpoint' (Microsoft.AspNetCore.Routing.EndpointMiddleware)
2024-05-02 12:52:49.194|Information|2024-05-02 12:52:49.202|Information|Request starting HTTP/1.1 GET http://localhost:12001/bootstrap/bootstrap.min.css - - - (Microsoft.AspNetCore.Hosting.Diagnostics)
2024-05-02 12:52:49.202|Information|2024-05-02 12:52:49.202|Information|2024-05-02 12:52:49.202|Information|Request starting HTTP/1.1 GET http://localhost:12001/app.css - - - (Microsoft.AspNetCore.Hosting.Diagnostics)
2024-05-02 12:52:49.202|Information|2024-05-02 12:52:49.202|Information|2024-05-02 12:52:49.203|Information|Request starting HTTP/1.1 GET http://localhost:12001/Scanner_Blazor.styles.css - - - (Microsoft.AspNetCore.Hosting.Diagnostics)
2024-05-02 12:52:49.203|Information|2024-05-02 12:52:49.203|Information|2024-05-02 12:52:49.203|Information|Request starting HTTP/1.1 GET http://localhost:12001/js/customFunctions.js - - - (Microsoft.AspNetCore.Hosting.Diagnostics)
2024-05-02 12:52:49.203|Information|2024-05-02 12:52:49.203|Information|2024-05-02 12:52:49.203|Information|Request starting HTTP/1.1 GET http://localhost:12001/_framework/blazor.web.js - - - (Microsoft.AspNetCore.Hosting.Diagnostics)
2024-05-02 12:52:49.203|Information|Executing endpoint 'Blazor web static files' (Microsoft.AspNetCore.Routing.EndpointMiddleware)
2024-05-02 12:52:49.203|Information|The file /_framework/blazor.web.js was not modified (Microsoft.AspNetCore.StaticFiles.StaticFileMiddleware)
2024-05-02 12:52:49.203|Information|Executed endpoint 'Blazor web static files' (Microsoft.AspNetCore.Routing.EndpointMiddleware)
2024-05-02 12:52:49.203|Information|2024-05-02 12:52:49.235|Information|Request starting HTTP/1.1 GET http://localhost:12001/_blazor/initializers - - - (Microsoft.AspNetCore.Hosting.Diagnostics)
2024-05-02 12:52:49.235|Information|Executing endpoint 'Microsoft.AspNetCore.Routing.RouteEndpoint' (Microsoft.AspNetCore.Routing.EndpointMiddleware)
2024-05-02 12:52:49.235|Information|Executed endpoint 'Microsoft.AspNetCore.Routing.RouteEndpoint' (Microsoft.AspNetCore.Routing.EndpointMiddleware)
2024-05-02 12:52:49.235|Information|2024-05-02 12:52:49.240|Information|Request starting HTTP/1.1 POST http://localhost:12001/_blazor/negotiate?negotiateVersion=1 - - 0 (Microsoft.AspNetCore.Hosting.Diagnostics)
2024-05-02 12:52:49.240|Information|Executing endpoint 'Microsoft.AspNetCore.Routing.RouteEndpoint' (Microsoft.AspNetCore.Routing.EndpointMiddleware)
2024-05-02 12:52:49.240|Information|Executed endpoint 'Microsoft.AspNetCore.Routing.RouteEndpoint' (Microsoft.AspNetCore.Routing.EndpointMiddleware)
2024-05-02 12:52:49.240|Information|2024-05-02 12:52:49.244|Information|Request starting HTTP/1.1 GET http://localhost:12001/_blazor?id=f85pnFg-bCx7-IkTLIhkqA - - - (Microsoft.AspNetCore.Hosting.Diagnostics)
2024-05-02 12:52:49.244|Information|Executing endpoint 'Microsoft.AspNetCore.Routing.RouteEndpoint' (Microsoft.AspNetCore.Routing.EndpointMiddleware)
2024-05-02 12:52:49.253|Information|Authorization failed. These requirements were not met:
DenyAnonymousAuthorizationRequirement: Requires an authenticated user. (Microsoft.AspNetCore.Authorization.DefaultAuthorizationService)
2024-05-02 12:52:49.254|Information|Authorization failed. These requirements were not met:
DenyAnonymousAuthorizationRequirement: Requires an authenticated user. (Microsoft.AspNetCore.Authorization.DefaultAuthorizationService)
2024-05-02 12:52:55.804|Information|Authorization failed. These requirements were not met:
DenyAnonymousAuthorizationRequirement: Requires an authenticated user. (Microsoft.AspNetCore.Authorization.DefaultAuthorizationService)
2024-05-02 12:52:57.376|Information|Authorization failed. These requirements were not met:
DenyAnonymousAuthorizationRequirement: Requires an authenticated user. (Microsoft.AspNetCore.Authorization.DefaultAuthorizationService)
2024-05-02 12:52:57.473|Information|Authorization failed. These requirements were not met:
DenyAnonymousAuthorizationRequirement: Requires an authenticated user. (Microsoft.AspNetCore.Authorization.DefaultAuthorizationService)
2024-05-02 12:52:57.485|Warning|Unhandled exception rendering component: Value cannot be null. (Parameter 's') (Microsoft.AspNetCore.Components.Server.Circuits.RemoteRenderer)Value cannot be null. (Parameter 's')
2024-05-02 12:52:57.485|Error|Unhandled exception in circuit 'PONEcUbEn68QyOaKyPBpBH7pHefhwhCtqKpbcRz8K9M'. (Microsoft.AspNetCore.Components.Server.Circuits.CircuitHost)Value cannot be null. (Parameter 's')
2024-05-02 12:56:17.385|Information|Websocket StartAsync (ClassLibrary1.Networking.WebSocket.WebSocketServer)
2024-05-02 12:56:17.524|Information|User profile is available. Using 'C:\Users\김응기\AppData\Local\ASP.NET\DataProtection-Keys' as key repository and Windows DPAPI to encrypt keys at rest. (Microsoft.AspNetCore.DataProtection.KeyManagement.XmlKeyManager)
2024-05-02 12:56:17.570|Warning|The WebRootPath was not found: C:\Users\김응기\Documents\SourceCode\2024\AgosWatchdog\AgosWatchdog\bin\Debug\wwwroot. Static files may be unavailable. (Microsoft.AspNetCore.StaticFiles.StaticFileMiddleware)
2024-05-02 12:56:17.580|Information|Now listening on: http://[::]:12001 (Microsoft.Hosting.Lifetime)
2024-05-02 12:56:17.581|Information|Application started. Press Ctrl+C to shut down. (Microsoft.Hosting.Lifetime)
2024-05-02 12:56:17.581|Information|Hosting environment: Production (Microsoft.Hosting.Lifetime)
2024-05-02 12:56:17.581|Information|Content root path: C:\Users\김응기\Documents\SourceCode\2024\AgosWatchdog\AgosWatchdog\bin\Debug (Microsoft.Hosting.Lifetime)
2024-05-02 12:56:20.512|Error|Error: Device not open Unable to open BB60 (Scanner_Blazor.Instrument.MavLink.ConBB60D)
2024-05-02 12:56:23.580|Information|Websocket 요청 들어옴. System.Net.HttpListenerContext (ClassLibrary1.Networking.WebSocket.WebSocketServer)
2024-05-02 12:56:23.592|Information|Websocket 요청 들어옴. System.Net.HttpListenerContext (ClassLibrary1.Networking.WebSocket.WebSocketServer)
2024-05-02 12:56:23.592|Information|Websocket 요청 들어옴. System.Net.HttpListenerContext (ClassLibrary1.Networking.WebSocket.WebSocketServer)
2024-05-02 12:56:23.592|Information|Websocket 요청 들어옴. System.Net.HttpListenerContext (ClassLibrary1.Networking.WebSocket.WebSocketServer)
